<?xml version="1.0" encoding="UTF-8"?>
<testng-results skipped="0" failed="0" total="0" passed="0">
  <reporter-output>
  </reporter-output>
  <suite name="com.objectrepository.FbLoginTest" duration-ms="7" started-at="2021-08-13T14:50:43Z" finished-at="2021-08-13T14:50:43Z">
    <groups>
    </groups>
    <test name="Command line test" duration-ms="7" started-at="2021-08-13T14:50:43Z" finished-at="2021-08-13T14:50:43Z">
    </test> <!-- Command line test -->
  </suite> <!-- com.objectrepository.FbLoginTest -->
</testng-results>
