<?xml version="1.0" encoding="UTF-8"?>
<testng-results skipped="0" failed="0" ignored="0" total="1" passed="1">
  <reporter-output>
  </reporter-output>
  <suite name="Default suite" duration-ms="32143" started-at="2021-08-11T10:31:02 IST" finished-at="2021-08-11T10:31:35 IST">
    <groups>
    </groups>
    <test name="Default test" duration-ms="32143" started-at="2021-08-11T10:31:02 IST" finished-at="2021-08-11T10:31:35 IST">
      <class name="com.testcases.Loginapplication">
        <test-method status="PASS" signature="Login()[pri:0, instance:com.testcases.Loginapplication@78a2da20]" name="Login" duration-ms="32094" started-at="2021-08-11T10:31:02 IST" finished-at="2021-08-11T10:31:35 IST">
          <reporter-output>
          </reporter-output>
        </test-method> <!-- Login -->
      </class> <!-- com.testcases.Loginapplication -->
    </test> <!-- Default test -->
  </suite> <!-- Default suite -->
</testng-results>
